<?xml version="1.0" encoding="UTF-8"?>
<testng-results ignored="0" total="1" passed="1" failed="0" skipped="0">
  <reporter-output>
  </reporter-output>
  <suite started-at="2022-10-12T16:19:22 IST" name="Default suite" finished-at="2022-10-12T16:19:53 IST" duration-ms="31761">
    <groups>
    </groups>
    <test started-at="2022-10-12T16:19:22 IST" name="Default test" finished-at="2022-10-12T16:19:53 IST" duration-ms="31761">
      <class name="com.flipkart.FlipkartTesting">
        <test-method is-config="true" signature="beforeMethod()[pri:0, instance:com.flipkart.FlipkartTesting@50ad3bc1]" started-at="2022-10-12T16:19:22 IST" name="beforeMethod" finished-at="2022-10-12T16:19:30 IST" duration-ms="8734" status="PASS">
          <reporter-output>
          </reporter-output>
        </test-method> <!-- beforeMethod -->
        <test-method signature="flipkart()[pri:0, instance:com.flipkart.FlipkartTesting@50ad3bc1]" started-at="2022-10-12T16:19:30 IST" name="flipkart" finished-at="2022-10-12T16:19:53 IST" duration-ms="22919" status="PASS">
          <reporter-output>
          </reporter-output>
        </test-method> <!-- flipkart -->
        <test-method is-config="true" signature="afterMethod()[pri:0, instance:com.flipkart.FlipkartTesting@50ad3bc1]" started-at="2022-10-12T16:19:53 IST" name="afterMethod" finished-at="2022-10-12T16:19:53 IST" duration-ms="0" status="PASS">
          <reporter-output>
          </reporter-output>
        </test-method> <!-- afterMethod -->
      </class> <!-- com.flipkart.FlipkartTesting -->
    </test> <!-- Default test -->
  </suite> <!-- Default suite -->
</testng-results>
